18:47:44.867 [ApplicationImpl pooled thread 61] INFO  c.b.l.BrowserStackRunExtension - maven
18:47:44.869 [ApplicationImpl pooled thread 61] INFO  com.browserstack.utils.Helpers - null
18:49:11.253 [ApplicationImpl pooled thread 56] INFO  c.b.l.BrowserStackRunExtension - application
18:49:11.253 [ApplicationImpl pooled thread 56] INFO  com.browserstack.utils.Helpers - null
19:09:40.483 [ApplicationImpl pooled thread 74] INFO  c.b.l.BrowserStackRunExtension - application
19:09:40.483 [ApplicationImpl pooled thread 74] INFO  com.browserstack.utils.Helpers - null
19:13:05.070 [ApplicationImpl pooled thread 80] INFO  c.b.l.BrowserStackRunExtension - application
19:13:05.071 [ApplicationImpl pooled thread 80] INFO  com.browserstack.utils.Helpers - null
19:15:22.131 [ApplicationImpl pooled thread 82] INFO  c.b.l.BrowserStackRunExtension - application
19:15:22.131 [ApplicationImpl pooled thread 82] INFO  com.browserstack.utils.Helpers - null
19:28:15.405 [ApplicationImpl pooled thread 95] INFO  c.b.l.BrowserStackRunExtension - application
19:28:15.405 [ApplicationImpl pooled thread 95] INFO  com.browserstack.utils.Helpers - null
19:29:07.930 [ApplicationImpl pooled thread 95] INFO  c.b.l.BrowserStackRunExtension - application
19:29:07.930 [ApplicationImpl pooled thread 95] INFO  com.browserstack.utils.Helpers - null
19:29:35.595 [ApplicationImpl pooled thread 99] INFO  c.b.l.BrowserStackRunExtension - application
19:29:35.595 [ApplicationImpl pooled thread 99] INFO  com.browserstack.utils.Helpers - null
19:30:42.804 [ApplicationImpl pooled thread 100] INFO  c.b.l.BrowserStackRunExtension - application
19:30:42.804 [ApplicationImpl pooled thread 100] INFO  com.browserstack.utils.Helpers - null
19:31:58.535 [ApplicationImpl pooled thread 99] INFO  c.b.l.BrowserStackRunExtension - application
19:31:58.535 [ApplicationImpl pooled thread 99] INFO  com.browserstack.utils.Helpers - null
19:33:59.221 [ApplicationImpl pooled thread 99] INFO  c.b.l.BrowserStackRunExtension - application
19:33:59.221 [ApplicationImpl pooled thread 99] INFO  com.browserstack.utils.Helpers - null
19:35:01.449 [ApplicationImpl pooled thread 105] INFO  c.b.l.BrowserStackRunExtension - application
19:35:01.450 [ApplicationImpl pooled thread 105] INFO  com.browserstack.utils.Helpers - null
19:38:26.408 [ApplicationImpl pooled thread 120] INFO  c.b.l.BrowserStackRunExtension - application
19:38:26.408 [ApplicationImpl pooled thread 120] INFO  com.browserstack.utils.Helpers - null
19:46:27.584 [ApplicationImpl pooled thread 126] INFO  c.b.l.BrowserStackRunExtension - application
19:46:27.585 [ApplicationImpl pooled thread 126] INFO  com.browserstack.utils.Helpers - null
19:48:01.476 [ApplicationImpl pooled thread 127] INFO  c.b.l.BrowserStackRunExtension - application
19:48:01.476 [ApplicationImpl pooled thread 127] INFO  com.browserstack.utils.Helpers - null
19:51:37.769 [ApplicationImpl pooled thread 134] INFO  c.b.l.BrowserStackRunExtension - application
19:51:37.769 [ApplicationImpl pooled thread 134] INFO  com.browserstack.utils.Helpers - null
19:53:28.847 [ApplicationImpl pooled thread 134] INFO  c.b.l.BrowserStackRunExtension - application
19:53:28.847 [ApplicationImpl pooled thread 134] INFO  com.browserstack.utils.Helpers - null
19:53:59.042 [ApplicationImpl pooled thread 138] INFO  c.b.l.BrowserStackRunExtension - application
19:53:59.042 [ApplicationImpl pooled thread 138] INFO  com.browserstack.utils.Helpers - null
19:56:37.760 [ApplicationImpl pooled thread 149] INFO  c.b.l.BrowserStackRunExtension - application
19:56:37.760 [ApplicationImpl pooled thread 149] INFO  com.browserstack.utils.Helpers - null
20:24:19.723 [ApplicationImpl pooled thread 176] INFO  c.b.l.BrowserStackRunExtension - testng
20:24:19.723 [ApplicationImpl pooled thread 176] INFO  com.browserstack.utils.Helpers - null
20:24:19.724 [ApplicationImpl pooled thread 176] INFO  c.b.l.BrowserStackRunExtension - Agent path: null
20:25:34.043 [ApplicationImpl pooled thread 184] INFO  c.b.l.BrowserStackRunExtension - testng
20:25:34.043 [ApplicationImpl pooled thread 184] INFO  com.browserstack.utils.Helpers - null
20:25:34.044 [ApplicationImpl pooled thread 184] INFO  c.b.l.BrowserStackRunExtension - Agent path: null
21:20:36.497 [ApplicationImpl pooled thread 230] INFO  c.b.l.BrowserStackRunExtension - application
21:20:36.497 [ApplicationImpl pooled thread 230] INFO  com.browserstack.utils.Helpers - null
21:21:51.544 [ApplicationImpl pooled thread 213] INFO  c.b.l.BrowserStackRunExtension - application
21:21:51.544 [ApplicationImpl pooled thread 213] INFO  com.browserstack.utils.Helpers - null
21:30:21.693 [ApplicationImpl pooled thread 240] INFO  c.b.l.BrowserStackRunExtension - application
21:30:21.693 [ApplicationImpl pooled thread 240] INFO  com.browserstack.utils.Helpers - null
21:31:34.691 [ApplicationImpl pooled thread 240] INFO  c.b.l.BrowserStackRunExtension - testng
21:31:34.692 [ApplicationImpl pooled thread 240] INFO  com.browserstack.utils.Helpers - null
21:31:34.693 [ApplicationImpl pooled thread 240] INFO  c.b.l.BrowserStackRunExtension - Agent path: null
21:33:25.318 [ApplicationImpl pooled thread 244] INFO  c.b.l.BrowserStackRunExtension - testng
21:33:25.318 [ApplicationImpl pooled thread 244] INFO  com.browserstack.utils.Helpers - null
21:33:25.319 [ApplicationImpl pooled thread 244] INFO  c.b.l.BrowserStackRunExtension - Agent path: null
21:36:23.480 [ApplicationImpl pooled thread 243] INFO  c.b.l.BrowserStackRunExtension - application
21:36:23.480 [ApplicationImpl pooled thread 243] INFO  com.browserstack.utils.Helpers - null
21:40:04.426 [ApplicationImpl pooled thread 239] INFO  c.b.l.BrowserStackRunExtension - application
21:40:04.426 [ApplicationImpl pooled thread 239] INFO  com.browserstack.utils.Helpers - null
21:41:30.858 [ApplicationImpl pooled thread 235] INFO  c.b.l.BrowserStackRunExtension - application
21:41:30.859 [ApplicationImpl pooled thread 235] INFO  com.browserstack.utils.Helpers - null
21:43:52.946 [ApplicationImpl pooled thread 254] INFO  c.b.l.BrowserStackRunExtension - application
21:43:52.946 [ApplicationImpl pooled thread 254] INFO  com.browserstack.utils.Helpers - null
21:45:10.052 [ApplicationImpl pooled thread 254] INFO  c.b.l.BrowserStackRunExtension - application
21:45:10.052 [ApplicationImpl pooled thread 254] INFO  com.browserstack.utils.Helpers - null
21:48:14.805 [ApplicationImpl pooled thread 256] INFO  c.b.l.BrowserStackRunExtension - testng
21:48:14.805 [ApplicationImpl pooled thread 256] INFO  com.browserstack.utils.Helpers - null
21:48:14.805 [ApplicationImpl pooled thread 256] INFO  c.b.l.BrowserStackRunExtension - Agent path: null
07:58:48.161 [ApplicationImpl pooled thread 7] INFO  c.b.l.BrowserStackRunExtension - testng
07:58:48.162 [ApplicationImpl pooled thread 7] INFO  com.browserstack.utils.Helpers - null
07:58:48.164 [ApplicationImpl pooled thread 7] INFO  c.b.l.BrowserStackRunExtension - Agent path: null
08:15:39.566 [AWT-EventQueue-0] INFO  c.b.actions.EnableBrowserStack - Setting enable browserstack run update
08:15:39.575 [AWT-EventQueue-0] INFO  c.b.actions.DisableBrowserStack - Setting disable browserstack run update
08:16:05.280 [AWT-EventQueue-0] INFO  c.b.actions.EnableBrowserStack - Setting enable browserstack run update
08:16:05.291 [AWT-EventQueue-0] INFO  c.b.actions.DisableBrowserStack - Setting disable browserstack run update
